C51 COMPILER V9.56.0.0   DHT11                                                             12/15/2018 17:28:31 PAGE 1   


C51 COMPILER V9.56.0.0, COMPILATION OF MODULE DHT11
OBJECT MODULE PLACED IN .\Objects\DHT11.obj
COMPILER INVOKED BY: D:\Program Files\MDK\C51\BIN\C51.EXE DHT11.c OPTIMIZE(8,SPEED) BROWSE INCDIR(..\STC8051_DetectionSy
                    -stem) DEBUG OBJECTEXTEND PRINT(.\Listings\DHT11.lst) TABS(2) OBJECT(.\Objects\DHT11.obj)

line level    source

   1          #include "DHT11.h"
   2          
   3          /**
   4           * DH11温湿度读取函数
   5           * @param DHT11Data_Type 
   6           * @return 0--正确
   7           * @brief 
   8           **/
   9          u8 DHT11_ReadData(DHT11Data_Type DHT11Data_Structure)
  10          {
  11   1         u8 i=0,temp; 
  12   1         u8 U8RH_data_H_temp;
  13   1         u8 U8RH_data_L_temp;
  14   1         u8 U8T_data_H_temp;
  15   1         u8 U8T_data_L_temp;
  16   1         u8 U8checkdata_temp;
  17   1        
  18   1         //主机拉低18ms 
  19   1         DHT11_BUS = 0;
  20   1         DHT11_Delay_ms(18);
  21   1         DHT11_BUS = 1;
  22   1         //总线由上拉电阻拉高 主机延时20us以上
  23   1         DHT11_Delay_us(40);
  24   1         //主机设为输入 判断从机响应信号 
  25   1         DHT11_BUS = 1;
  26   1         //判断从机是否发出 80us 的低电平响应信号,超时则判断读取失败  
  27   1         while(DHT11_BUS)
  28   1         {
  29   2            i++;
  30   2            DHT11_Delay_us(1);
  31   2            //超时退出
  32   2            if(i>100)
  33   2              return 1;    
  34   2         }
  35   1         //判断从机是否发出 80us 的高电平响应信号,超时则判断读取失败 
  36   1         i=0;
  37   1         while(!DHT11_ReadBus())
*** WARNING C206 IN LINE 37 OF DHT11.c: 'DHT11_ReadBus': missing function-prototype
  38   1         {
  39   2            i++;
  40   2            DHT11_Delay_us(1);
  41   2            //超时退出
  42   2            if(i>100)
  43   2              return 1;    
  44   2         }
  45   1         
  46   1         //数据接收状态    
  47   1         U8RH_data_H_temp=DHT11_COM();
  48   1         U8RH_data_L_temp=DHT11_COM();
  49   1         U8T_data_H_temp=DHT11_COM();
  50   1         U8T_data_L_temp=DHT11_COM();
  51   1         U8checkdata_temp=DHT11_COM();
  52   1         DHT11_BUS = 1;
  53   1         
C51 COMPILER V9.56.0.0   DHT11                                                             12/15/2018 17:28:31 PAGE 2   

  54   1         //数据校验 
  55   1         temp=(U8T_data_H_temp+U8T_data_L_temp+U8RH_data_H_temp+U8RH_data_L_temp);
  56   1         if(temp==U8checkdata_temp)
  57   1         {
  58   2            DHT11Data_Structure.RH_H=U8RH_data_H_temp;
  59   2            DHT11Data_Structure.RH_L=U8RH_data_L_temp;
  60   2            DHT11Data_Structure.T_H=U8T_data_H_temp;
  61   2            DHT11Data_Structure.T_L=U8T_data_L_temp;
  62   2           
  63   2            return 0;
  64   2         }
  65   1         else
  66   1         {
  67   2            return 1;
  68   2         }
  69   1      
  70   1      }
  71          
  72          /**
  73           * DH11总线读取函数
  74           * @param   
  75           * @return 0xff--读取异常
  76           * @brief 从单总线读取到的一字节数据
  77           **/
  78          
  79          u8 DHT11_COM(void)
  80          {
  81   1        u8 i,j=0;
  82   1        u8 temp;
  83   1        u8 comdata;
  84   1        
  85   1        for(i=0;i<8;i++)
  86   1        {
  87   2          //等待变为高电平
  88   2          while(!DHT11_BUS)
  89   2          {
  90   3            j++;
  91   3            DHT11_Delay_us(1);
  92   3            //超时退出
  93   3            if(j>100)
  94   3              return 0xff;
  95   3          }
  96   2          DHT11_Delay_us(30);
  97   2          temp=0;
  98   2          //仍保持高电平,则判断为1
  99   2          if(DHT11_BUS)
 100   2            temp=1;
 101   2          j=0;
 102   2          while(DHT11_BUS)
 103   2          {
 104   3            j++;
 105   3            DHT11_Delay_us(1);
 106   3            //超时退出
 107   3            if(j>100)
 108   3              return 0xff;    
 109   3          }
 110   2          comdata<<1;
*** WARNING C275 IN LINE 110 OF DHT11.c: expression with possibly no effect
 111   2          comdata|=temp;
 112   2        }
 113   1        
 114   1        return comdata;
C51 COMPILER V9.56.0.0   DHT11                                                             12/15/2018 17:28:31 PAGE 3   

 115   1      }


MODULE INFORMATION:   STATIC OVERLAYABLE
   CODE SIZE        =    210    ----
   CONSTANT SIZE    =   ----    ----
   XDATA SIZE       =   ----    ----
   PDATA SIZE       =   ----    ----
   DATA SIZE        =   ----      13
   IDATA SIZE       =   ----    ----
   BIT SIZE         =   ----    ----
END OF MODULE INFORMATION.


C51 COMPILATION COMPLETE.  2 WARNING(S),  0 ERROR(S)
