C51 COMPILER V9.56.0.0   SYS                                                               01/05/2019 01:20:21 PAGE 1   


C51 COMPILER V9.56.0.0, COMPILATION OF MODULE SYS
OBJECT MODULE PLACED IN .\Objects\sys.obj
COMPILER INVOKED BY: D:\Program Files\MDK\C51\BIN\C51.EXE sys.c LARGE OPTIMIZE(8,SPEED) BROWSE INCDIR(..\STC8051_Detecti
                    -onSystem) DEBUG OBJECTEXTEND PRINT(.\Listings\sys.lst) TABS(2) OBJECT(.\Objects\sys.obj)

line level    source

   1          #include "stc89c5xrc.h"
   2          #include "sys.h"
   3          #include "intrins.h"
   4          
   5          static void Delay1ms();   //@22.1184MHz
   6          
   7          void delay_ms(unsigned int x)
   8          {
   9   1        unsigned int i;
  10   1        
  11   1        for(i=0;i<x;i++)
  12   1          Delay1ms();
  13   1      }
  14          
  15          void delay_us(unsigned int x)
  16          {
  17   1        unsigned int i;
  18   1        
  19   1        for(i=0;i<x;i++)
  20   1        {
  21   2          _nop_();
  22   2        }
  23   1      }
  24          
  25          
  26          void Delay1ms()   //@22.1184MHz
  27          {
  28   1        unsigned char i, j;
  29   1      
  30   1        _nop_();
  31   1        i = 4;
  32   1        j = 146;
  33   1        do
  34   1        {
  35   2          while (--j);
  36   2        } while (--i);
  37   1      }
  38          
  39          /**
  40           * 字符串拼接函数
  41           * @param   *pszDest[目标拼接字符串指针] *pszSrc[源字符串指针]
  42           * @return  拼接后的字符串指针
  43           * @brief 
  44           **/
  45          char* my_strcat(char *pszDest, char *pszSrc)
  46          {
  47   1        while(*pszDest)
  48   1          pszDest++;
  49   1        while(*pszDest++ = *pszSrc++);
  50   1        
  51   1        return --pszDest;
  52   1      }
  53          
  54          
C51 COMPILER V9.56.0.0   SYS                                                               01/05/2019 01:20:21 PAGE 2   

  55          /**
  56           * 数值转文本
  57           * @param   
  58           * @return 
  59           * @brief 
  60           **/
  61          u8 my_itoa (u8 n,char *string)
  62          {
  63   1        int i,j,sign,k;
  64   1        char s[5];
  65   1        if((sign=n)<0)//记录符号
  66   1        n=-n;//使n成为正数
  67   1        i=0;
  68   1        do{
  69   2             s[i++]=n%10+'0';//取下一个数字
  70   2        }
  71   1        while ((n/=10)>0);//删除该数字
  72   1        for(j=i-1,k=0;j>=0;j--,k++)//生成的数字是逆序的，所以要逆序输出
  73   1             *string++ = s[j];
  74   1        *string = '\0';
  75   1        
  76   1        return k;
  77   1      }


MODULE INFORMATION:   STATIC OVERLAYABLE
   CODE SIZE        =    373    ----
   CONSTANT SIZE    =   ----    ----
   XDATA SIZE       =   ----      23
   PDATA SIZE       =   ----    ----
   DATA SIZE        =   ----    ----
   IDATA SIZE       =   ----    ----
   BIT SIZE         =   ----    ----
END OF MODULE INFORMATION.


C51 COMPILATION COMPLETE.  0 WARNING(S),  0 ERROR(S)
