C51 COMPILER V9.56.0.0   UART                                                              12/21/2018 23:06:37 PAGE 1   


C51 COMPILER V9.56.0.0, COMPILATION OF MODULE UART
OBJECT MODULE PLACED IN .\Objects\uart.obj
COMPILER INVOKED BY: D:\Program Files\MDK\C51\BIN\C51.EXE uart.c LARGE OPTIMIZE(8,SPEED) BROWSE INCDIR(..\STC8051_Detect
                    -ionSystem) DEBUG OBJECTEXTEND PRINT(.\Listings\uart.lst) TABS(2) OBJECT(.\Objects\uart.obj)

line level    source

   1          #include "uart.h"
   2          #include "sys.h"
   3          
   4          #include "stc89c5xrc.h"
   5          
   6          u8 Global_UartBuffer[20];
   7          bit Global_UartRev_Flag=0;
   8          unsigned char Global_UartRev_Count=0;
   9          
  10          void Uart_Init(void)  //115200bps@11.0592MHz
  11          {
  12   1        PCON |= 0x80;   //使能波特率倍速位SMOD
  13   1        SCON = 0x50;    //8位数据,可变波特率
  14   1        TMOD = 0x20;
  15   1        TH1 = TL1 = 0xFF;
  16   1        ET1 = 0;    //禁止定时器1中断
  17   1        TR1 = 1;    //启动定时器1
  18   1        TR1 = 1;    //启动定时器1
  19   1      
  20   1        // 使能串口中断
  21   1        ES = 1;
  22   1      }
  23          
  24          void Uart_SendString(u8 *dat)
  25          {
  26   1        while(TI);
  27   1        while(*dat != '\0')
  28   1        {
  29   2          SBUF = *dat;
  30   2          dat++;
  31   2          while(!TI);
  32   2          TI=0;
  33   2        }
  34   1      }
  35          
  36          void Uart_SendChar(char byte)
  37          {
  38   1        while(TI);
  39   1        SBUF = byte;
  40   1        while(!TI);
  41   1        TI=0;
  42   1      }
  43          
  44          void Uart_ISR_Handler(void) interrupt 4 using 1
  45          {
  46   1      
  47   1        if(RI)
  48   1        {
  49   2          ES = 0; //失能中断避免影响
  50   2          RI = 0; //清除接收中断
  51   2          Global_UartBuffer[Global_UartRev_Count] = SBUF;
  52   2          if(Global_UartBuffer[Global_UartRev_Count]=='\0'||Global_UartRev_Count>19)
  53   2          {
  54   3            if((Global_UartRev_Count>4)&&(Global_UartBuffer[5]=='D'))
C51 COMPILER V9.56.0.0   UART                                                              12/21/2018 23:06:37 PAGE 2   

  55   3            {
  56   4              Global_UartRev_Flag = 1;
  57   4            }
  58   3            else
  59   3            {
  60   4              Global_UartRev_Count = 0;
  61   4              ES = 1;
  62   4            }
  63   3          }
  64   2          else
  65   2          {
  66   3            Global_UartRev_Count++;
  67   3            ES = 1;
  68   3          }
  69   2        }
  70   1      }


MODULE INFORMATION:   STATIC OVERLAYABLE
   CODE SIZE        =    160    ----
   CONSTANT SIZE    =   ----    ----
   XDATA SIZE       =     21    ----
   PDATA SIZE       =   ----    ----
   DATA SIZE        =   ----    ----
   IDATA SIZE       =   ----    ----
   BIT SIZE         =      1    ----
END OF MODULE INFORMATION.


C51 COMPILATION COMPLETE.  0 WARNING(S),  0 ERROR(S)
